{"C:\\Users\\Tati\\Documents\\Microverse\\Module 2\\Week 2\\Todo-List-App\\src\\modules\\Crud.js": {"path":"C:\\Users\\Tati\\Documents\\Microverse\\Module 2\\Week 2\\Todo-List-App\\src\\modules\\Crud.js","statementMap":{"0":{"start":{"line":1,"column":11},"end":{"line":1,"column":39}},"1":{"start":{"line":2,"column":22},"end":{"line":2,"column":63}},"2":{"start":{"line":5,"column":4},"end":{"line":5,"column":35}},"3":{"start":{"line":6,"column":4},"end":{"line":6,"column":31}},"4":{"start":{"line":7,"column":4},"end":{"line":7,"column":23}},"5":{"start":{"line":11,"column":16},"end":{"line":16,"column":1}},"6":{"start":{"line":12,"column":18},"end":{"line":12,"column":60}},"7":{"start":{"line":13,"column":2},"end":{"line":13,"column":25}},"8":{"start":{"line":14,"column":2},"end":{"line":14,"column":58}},"9":{"start":{"line":18,"column":21},"end":{"line":37,"column":1}},"10":{"start":{"line":19,"column":2},"end":{"line":35,"column":5}},"11":{"start":{"line":20,"column":4},"end":{"line":34,"column":7}},"12":{"start":{"line":36,"column":2},"end":{"line":36,"column":32}},"13":{"start":{"line":39,"column":17},"end":{"line":62,"column":1}},"14":{"start":{"line":40,"column":18},"end":{"line":40,"column":50}},"15":{"start":{"line":41,"column":20},"end":{"line":41,"column":44}},"16":{"start":{"line":42,"column":24},"end":{"line":42,"column":45}},"17":{"start":{"line":43,"column":20},"end":{"line":43,"column":51}},"18":{"start":{"line":44,"column":2},"end":{"line":44,"column":26}},"19":{"start":{"line":45,"column":2},"end":{"line":45,"column":37}},"20":{"start":{"line":46,"column":2},"end":{"line":46,"column":42}},"21":{"start":{"line":47,"column":2},"end":{"line":47,"column":45}},"22":{"start":{"line":48,"column":2},"end":{"line":48,"column":20}},"23":{"start":{"line":49,"column":2},"end":{"line":61,"column":5}},"24":{"start":{"line":50,"column":4},"end":{"line":60,"column":5}},"25":{"start":{"line":51,"column":24},"end":{"line":51,"column":65}},"26":{"start":{"line":52,"column":6},"end":{"line":52,"column":58}},"27":{"start":{"line":53,"column":6},"end":{"line":53,"column":26}},"28":{"start":{"line":54,"column":6},"end":{"line":54,"column":61}},"29":{"start":{"line":55,"column":6},"end":{"line":55,"column":46}},"30":{"start":{"line":56,"column":6},"end":{"line":56,"column":49}},"31":{"start":{"line":57,"column":6},"end":{"line":57,"column":55}},"32":{"start":{"line":58,"column":6},"end":{"line":58,"column":47}},"33":{"start":{"line":59,"column":6},"end":{"line":59,"column":66}},"34":{"start":{"line":64,"column":22},"end":{"line":75,"column":1}},"35":{"start":{"line":65,"column":21},"end":{"line":65,"column":62}},"36":{"start":{"line":66,"column":2},"end":{"line":74,"column":5}},"37":{"start":{"line":67,"column":4},"end":{"line":73,"column":7}},"38":{"start":{"line":68,"column":6},"end":{"line":68,"column":25}},"39":{"start":{"line":69,"column":6},"end":{"line":69,"column":62}},"40":{"start":{"line":70,"column":6},"end":{"line":70,"column":44}},"41":{"start":{"line":71,"column":6},"end":{"line":71,"column":63}},"42":{"start":{"line":72,"column":6},"end":{"line":72,"column":32}},"43":{"start":{"line":77,"column":19},"end":{"line":88,"column":1}},"44":{"start":{"line":79,"column":2},"end":{"line":79,"column":25}},"45":{"start":{"line":80,"column":18},"end":{"line":80,"column":59}},"46":{"start":{"line":81,"column":23},"end":{"line":81,"column":37}},"47":{"start":{"line":82,"column":2},"end":{"line":82,"column":70}},"48":{"start":{"line":82,"column":41},"end":{"line":82,"column":68}},"49":{"start":{"line":83,"column":2},"end":{"line":85,"column":5}},"50":{"start":{"line":84,"column":4},"end":{"line":84,"column":19}},"51":{"start":{"line":86,"column":2},"end":{"line":86,"column":22}},"52":{"start":{"line":87,"column":2},"end":{"line":87,"column":57}},"53":{"start":{"line":90,"column":28},"end":{"line":101,"column":1}},"54":{"start":{"line":91,"column":20},"end":{"line":91,"column":60}},"55":{"start":{"line":92,"column":2},"end":{"line":100,"column":5}},"56":{"start":{"line":93,"column":26},"end":{"line":93,"column":46}},"57":{"start":{"line":94,"column":26},"end":{"line":94,"column":57}},"58":{"start":{"line":95,"column":4},"end":{"line":99,"column":7}},"59":{"start":{"line":96,"column":6},"end":{"line":96,"column":25}},"60":{"start":{"line":97,"column":6},"end":{"line":97,"column":44}},"61":{"start":{"line":98,"column":6},"end":{"line":98,"column":59}},"62":{"start":{"line":103,"column":0},"end":{"line":103,"column":89}}},"fnMap":{"0":{"name":"(anonymous_0)","decl":{"start":{"line":4,"column":2},"end":{"line":4,"column":3}},"loc":{"start":{"line":4,"column":45},"end":{"line":8,"column":3}},"line":4},"1":{"name":"(anonymous_1)","decl":{"start":{"line":11,"column":16},"end":{"line":11,"column":17}},"loc":{"start":{"line":11,"column":40},"end":{"line":16,"column":1}},"line":11},"2":{"name":"(anonymous_2)","decl":{"start":{"line":18,"column":21},"end":{"line":18,"column":22}},"loc":{"start":{"line":18,"column":32},"end":{"line":37,"column":1}},"line":18},"3":{"name":"(anonymous_3)","decl":{"start":{"line":19,"column":16},"end":{"line":19,"column":17}},"loc":{"start":{"line":19,"column":26},"end":{"line":35,"column":3}},"line":19},"4":{"name":"(anonymous_4)","decl":{"start":{"line":39,"column":17},"end":{"line":39,"column":18}},"loc":{"start":{"line":39,"column":41},"end":{"line":62,"column":1}},"line":39},"5":{"name":"(anonymous_5)","decl":{"start":{"line":49,"column":41},"end":{"line":49,"column":42}},"loc":{"start":{"line":49,"column":48},"end":{"line":61,"column":3}},"line":49},"6":{"name":"(anonymous_6)","decl":{"start":{"line":64,"column":22},"end":{"line":64,"column":23}},"loc":{"start":{"line":64,"column":35},"end":{"line":75,"column":1}},"line":64},"7":{"name":"(anonymous_7)","decl":{"start":{"line":66,"column":21},"end":{"line":66,"column":22}},"loc":{"start":{"line":66,"column":33},"end":{"line":74,"column":3}},"line":66},"8":{"name":"(anonymous_8)","decl":{"start":{"line":67,"column":37},"end":{"line":67,"column":38}},"loc":{"start":{"line":67,"column":44},"end":{"line":73,"column":5}},"line":67},"9":{"name":"(anonymous_9)","decl":{"start":{"line":77,"column":19},"end":{"line":77,"column":20}},"loc":{"start":{"line":77,"column":55},"end":{"line":88,"column":1}},"line":77},"10":{"name":"(anonymous_10)","decl":{"start":{"line":82,"column":31},"end":{"line":82,"column":32}},"loc":{"start":{"line":82,"column":41},"end":{"line":82,"column":68}},"line":82},"11":{"name":"(anonymous_11)","decl":{"start":{"line":83,"column":20},"end":{"line":83,"column":21}},"loc":{"start":{"line":83,"column":33},"end":{"line":85,"column":3}},"line":83},"12":{"name":"(anonymous_12)","decl":{"start":{"line":90,"column":28},"end":{"line":90,"column":29}},"loc":{"start":{"line":90,"column":41},"end":{"line":101,"column":1}},"line":90},"13":{"name":"(anonymous_13)","decl":{"start":{"line":92,"column":20},"end":{"line":92,"column":21}},"loc":{"start":{"line":92,"column":32},"end":{"line":100,"column":3}},"line":92},"14":{"name":"(anonymous_14)","decl":{"start":{"line":95,"column":37},"end":{"line":95,"column":38}},"loc":{"start":{"line":95,"column":44},"end":{"line":99,"column":5}},"line":95}},"branchMap":{"0":{"loc":{"start":{"line":50,"column":4},"end":{"line":60,"column":5}},"type":"if","locations":[{"start":{"line":50,"column":4},"end":{"line":60,"column":5}},{"start":{},"end":{}}],"line":50}},"s":{"0":1,"1":1,"2":1,"3":1,"4":1,"5":1,"6":1,"7":1,"8":1,"9":1,"10":0,"11":0,"12":0,"13":1,"14":0,"15":0,"16":0,"17":0,"18":0,"19":0,"20":0,"21":0,"22":0,"23":0,"24":0,"25":0,"26":0,"27":0,"28":0,"29":0,"30":0,"31":0,"32":0,"33":0,"34":1,"35":0,"36":0,"37":0,"38":0,"39":0,"40":0,"41":0,"42":0,"43":1,"44":0,"45":0,"46":0,"47":0,"48":0,"49":0,"50":0,"51":0,"52":0,"53":1,"54":0,"55":0,"56":0,"57":0,"58":0,"59":0,"60":0,"61":0,"62":1},"f":{"0":1,"1":1,"2":0,"3":0,"4":0,"5":0,"6":0,"7":0,"8":0,"9":0,"10":0,"11":0,"12":0,"13":0,"14":0},"b":{"0":[0,0]},"_coverageSchema":"1a1c01bbd47fc00a2c39e90264f33305004495a9","hash":"12dd9fd5a501e5402cff6ab2ee0e00e9dcda3f91"}
}
